[INFO] Scanning for projects...
[WARNING] 
[WARNING] Some problems were encountered while building the effective model for webofneeds:won-matcher-solr:jar:0.1-SNAPSHOT
[WARNING] 'build.pluginManagement.plugins.plugin.(groupId:artifactId)' must be unique but found duplicate declaration of plugin org.apache.maven.plugins:maven-compiler-plugin @ webofneeds:webofneeds:0.1-SNAPSHOT, C:\DATA\fkleedorfer\workspace\webofneeds\webofneeds\pom.xml, line 385, column 25
[WARNING] The expression ${build.finalName} is deprecated. Please use ${project.build.finalName} instead.
[WARNING] 
[WARNING] It is highly recommended to fix these problems because they threaten the stability of your build.
[WARNING] 
[WARNING] For this reason, future Maven versions might no longer support building such malformed projects.
[WARNING] 
[INFO]                                                                         
[INFO] ------------------------------------------------------------------------
[INFO] Building won-matcher-solr 0.1-SNAPSHOT
[INFO] ------------------------------------------------------------------------
[INFO] 
[INFO] --- maven-help-plugin:2.1.1:effective-pom (default-cli) @ won-matcher-solr ---
[INFO] 
Effective POMs, after inheritance, interpolation, and profiles are applied:

<?xml version="1.0" encoding="UTF-8"?>
<!-- ====================================================================== -->
<!--                                                                        -->
<!-- Generated by Maven Help Plugin on 2013-08-02T04:01:30                  -->
<!-- See: http://maven.apache.org/plugins/maven-help-plugin/                -->
<!--                                                                        -->
<!-- ====================================================================== -->

<!-- ====================================================================== -->
<!--                                                                        -->
<!-- Effective POM for project                                              -->
<!-- 'webofneeds:won-matcher-solr:jar:0.1-SNAPSHOT'                         -->
<!--                                                                        -->
<!-- ====================================================================== -->

<project xmlns="http://maven.apache.org/POM/4.0.0" xmlns:xsi="http://www.w3.org/2001/XMLSchema-instance" xsi:schemaLocation="http://maven.apache.org/POM/4.0.0 http://maven.apache.org/xsd/maven-4.0.0.xsd">
  <modelVersion>4.0.0</modelVersion>
  <parent>
    <groupId>webofneeds</groupId>
    <artifactId>webofneeds</artifactId>
    <version>0.1-SNAPSHOT</version>
  </parent>
  <groupId>webofneeds</groupId>
  <artifactId>won-matcher-solr</artifactId>
  <version>0.1-SNAPSHOT</version>
  <properties>
    <amazon.uri>http://ec2-176-34-213-201.eu-west-1.compute.amazonaws.com</amazon.uri>
    <assembly.version>2.2</assembly.version>
    <cargo.version>1.4.2</cargo.version>
    <cglib.version>2.2.2</cglib.version>
    <com.sun.jersey.contribs-jersey-spring.version>1.17.1</com.sun.jersey.contribs-jersey-spring.version>
    <com.sun.jersey.version>1.17.1</com.sun.jersey.version>
    <com.sun.xml.version>2.0EA3</com.sun.xml.version>
    <com.sun.xml.ws.version>2.2.8-promoted-b146</com.sun.xml.ws.version>
    <commons-httpclient.version>3.1</commons-httpclient.version>
    <compile.forked>false</compile.forked>
    <dependencies.scope>provided</dependencies.scope>
    <java.source.version>1.7</java.source.version>
    <java.target.version>1.7</java.target.version>
    <javax.servlet.jstl.version>1.2</javax.servlet.jstl.version>
    <jrebel.version>1.1.3</jrebel.version>
    <junit.version>4.11</junit.version>
    <log4j.version>1.2.17</log4j.version>
    <maven.compile.compilerargs>-Xlint:deprecation,fallthrough,finally,path,serial,unchecked</maven.compile.compilerargs>
    <org.apache.jena.version>2.10.0</org.apache.jena.version>
    <org.hibernate.version>4.1.8.Final</org.hibernate.version>
    <org.hsqldb.version>2.2.9</org.hsqldb.version>
    <org.slf4j.version>1.6.6</org.slf4j.version>
    <org.springframework.data.commons.version>1.4.0.RELEASE</org.springframework.data.commons.version>
    <org.springframework.data.jpa.version>1.2.0.RELEASE</org.springframework.data.jpa.version>
    <org.springframework.version>3.1.2.RELEASE</org.springframework.version>
    <postgresql.version>9.1-901.jdbc4</postgresql.version>
    <project.build.sourceEncoding>UTF-8</project.build.sourceEncoding>
    <properties.dir.path>C:/DATA/fkleedorfer/workspace/won-deployment-profiles/resources.amazon</properties.dir.path>
    <resources.dir>${won.properties.dir}/amazon</resources.dir>
    <server.id>amazon</server.id>
    <siren.version>0.2.3-RC2</siren.version>
    <solr.version>3.5.0</solr.version>
    <surefire.failure.ignore>true</surefire.failure.ignore>
    <surefire.forkmode>once</surefire.forkmode>
    <surefire.reportformat>brief</surefire.reportformat>
    <surefire.skip>false</surefire.skip>
    <surefire.usefile>false</surefire.usefile>
    <tomcat.password>djkIduQ7-dDp6mQ1iI2nbOlV8Wtclsodkdnue7d6g6Xdfv</tomcat.password>
    <tomcat.url>http://ec2-176-34-213-201.eu-west-1.compute.amazonaws.com:8080/manager/text</tomcat.url>
    <tomcat.user>won-manager-one</tomcat.user>
    <wagon.version>1.0-beta-3</wagon.version>
    <won.node-test.properties.dir>C:/DATA/fkleedorfer/workspace/won-deployment-profiles/resources.amazon/node.test</won.node-test.properties.dir>
    <won.node.properties.dir>C:/DATA/fkleedorfer/workspace/won-deployment-profiles/resources.amazon/node</won.node.properties.dir>
    <won.owner-test.properties.dir>C:/DATA/fkleedorfer/workspace/won-deployment-profiles/resources.amazon/owner.test</won.owner-test.properties.dir>
    <won.owner.properties.dir>C:/DATA/fkleedorfer/workspace/won-deployment-profiles/resources.amazon/owner</won.owner.properties.dir>
  </properties>
  <dependencyManagement>
    <dependencies>
      <dependency>
        <groupId>org.apache.solr</groupId>
        <artifactId>solr</artifactId>
        <version>3.5.0</version>
        <type>war</type>
        <scope>provided</scope>
      </dependency>
      <dependency>
        <groupId>org.apache.solr</groupId>
        <artifactId>solr-core</artifactId>
        <version>3.5.0</version>
      </dependency>
      <dependency>
        <groupId>org.sindice.siren</groupId>
        <artifactId>siren-solr</artifactId>
        <version>0.2.3-RC2</version>
      </dependency>
      <dependency>
        <groupId>javax.servlet</groupId>
        <artifactId>servlet-api</artifactId>
        <version>2.5</version>
        <scope>provided</scope>
      </dependency>
      <dependency>
        <groupId>javax.servlet</groupId>
        <artifactId>jstl</artifactId>
        <version>1.2</version>
      </dependency>
      <dependency>
        <groupId>commons-httpclient</groupId>
        <artifactId>commons-httpclient</artifactId>
        <version>3.1</version>
        <exclusions>
          <exclusion>
            <artifactId>commons-logging</artifactId>
            <groupId>commons-logging</groupId>
          </exclusion>
          <exclusion>
            <artifactId>commons-codec</artifactId>
            <groupId>commons-codec</groupId>
          </exclusion>
        </exclusions>
      </dependency>
      <dependency>
        <groupId>org.springframework</groupId>
        <artifactId>spring-core</artifactId>
        <version>3.1.2.RELEASE</version>
        <exclusions>
          <exclusion>
            <artifactId>commons-logging</artifactId>
            <groupId>commons-logging</groupId>
          </exclusion>
        </exclusions>
      </dependency>
      <dependency>
        <groupId>org.springframework</groupId>
        <artifactId>spring-aop</artifactId>
        <version>3.1.2.RELEASE</version>
      </dependency>
      <dependency>
        <groupId>org.springframework</groupId>
        <artifactId>spring-beans</artifactId>
        <version>3.1.2.RELEASE</version>
      </dependency>
      <dependency>
        <groupId>org.springframework</groupId>
        <artifactId>spring-context</artifactId>
        <version>3.1.2.RELEASE</version>
        <exclusions>
          <exclusion>
            <artifactId>commons-logging</artifactId>
            <groupId>commons-logging</groupId>
          </exclusion>
        </exclusions>
      </dependency>
      <dependency>
        <groupId>org.springframework</groupId>
        <artifactId>spring-context-support</artifactId>
        <version>3.1.2.RELEASE</version>
      </dependency>
      <dependency>
        <groupId>org.springframework</groupId>
        <artifactId>spring-jdbc</artifactId>
        <version>3.1.2.RELEASE</version>
      </dependency>
      <dependency>
        <groupId>org.springframework</groupId>
        <artifactId>spring-orm</artifactId>
        <version>3.1.2.RELEASE</version>
      </dependency>
      <dependency>
        <groupId>org.springframework</groupId>
        <artifactId>spring-tx</artifactId>
        <version>3.1.2.RELEASE</version>
      </dependency>
      <dependency>
        <groupId>org.springframework.data</groupId>
        <artifactId>spring-data-jpa</artifactId>
        <version>1.2.0.RELEASE</version>
      </dependency>
      <dependency>
        <groupId>org.springframework.data</groupId>
        <artifactId>spring-data-commons-core</artifactId>
        <version>1.4.0.RELEASE</version>
      </dependency>
      <dependency>
        <groupId>org.springframework</groupId>
        <artifactId>spring-webmvc</artifactId>
        <version>3.1.2.RELEASE</version>
      </dependency>
      <dependency>
        <groupId>org.springframework</groupId>
        <artifactId>spring-web</artifactId>
        <version>3.1.2.RELEASE</version>
      </dependency>
      <dependency>
        <groupId>com.sun.xml.ws</groupId>
        <artifactId>jaxws-rt</artifactId>
        <version>2.2.8-promoted-b146</version>
      </dependency>
      <dependency>
        <groupId>com.sun.xml.ws</groupId>
        <artifactId>jaxws-tools</artifactId>
        <version>2.2.8-promoted-b146</version>
      </dependency>
      <dependency>
        <groupId>com.sun.jersey.contribs</groupId>
        <artifactId>jersey-spring</artifactId>
        <version>1.17.1</version>
        <exclusions>
          <exclusion>
            <artifactId>spring</artifactId>
            <groupId>org.springframework</groupId>
          </exclusion>
          <exclusion>
            <artifactId>spring-core</artifactId>
            <groupId>org.springframework</groupId>
          </exclusion>
          <exclusion>
            <artifactId>spring-web</artifactId>
            <groupId>org.springframework</groupId>
          </exclusion>
          <exclusion>
            <artifactId>spring-beans</artifactId>
            <groupId>org.springframework</groupId>
          </exclusion>
          <exclusion>
            <artifactId>spring-context</artifactId>
            <groupId>org.springframework</groupId>
          </exclusion>
          <exclusion>
            <artifactId>spring-aop</artifactId>
            <groupId>org.springframework</groupId>
          </exclusion>
        </exclusions>
      </dependency>
      <dependency>
        <groupId>com.sun.jersey</groupId>
        <artifactId>jersey-core</artifactId>
        <version>1.17.1</version>
      </dependency>
      <dependency>
        <groupId>com.sun.jersey</groupId>
        <artifactId>jersey-server</artifactId>
        <version>1.17.1</version>
      </dependency>
      <dependency>
        <groupId>com.sun.jersey</groupId>
        <artifactId>jersey-client</artifactId>
        <version>1.17.1</version>
      </dependency>
      <dependency>
        <groupId>com.sun.jersey</groupId>
        <artifactId>jersey-json</artifactId>
        <version>1.17.1</version>
      </dependency>
      <dependency>
        <groupId>org.hibernate</groupId>
        <artifactId>hibernate-entitymanager</artifactId>
        <version>4.1.8.Final</version>
      </dependency>
      <dependency>
        <groupId>org.hibernate</groupId>
        <artifactId>hibernate-c3p0</artifactId>
        <version>4.1.8.Final</version>
      </dependency>
      <dependency>
        <groupId>postgresql</groupId>
        <artifactId>postgresql</artifactId>
        <version>9.1-901.jdbc4</version>
      </dependency>
      <dependency>
        <groupId>org.hsqldb</groupId>
        <artifactId>hsqldb</artifactId>
        <version>2.2.9</version>
      </dependency>
      <dependency>
        <groupId>org.apache.jena</groupId>
        <artifactId>apache-jena-libs</artifactId>
        <version>2.10.0</version>
        <type>pom</type>
        <exclusions>
          <exclusion>
            <artifactId>xml-apis</artifactId>
            <groupId>xml-apis</groupId>
          </exclusion>
          <exclusion>
            <artifactId>xercesImpl</artifactId>
            <groupId>xerces</groupId>
          </exclusion>
        </exclusions>
      </dependency>
      <dependency>
        <groupId>org.apache.jena</groupId>
        <artifactId>jena-arq</artifactId>
        <version>2.10.0</version>
        <exclusions>
          <exclusion>
            <artifactId>xml-apis</artifactId>
            <groupId>xml-apis</groupId>
          </exclusion>
          <exclusion>
            <artifactId>xercesImpl</artifactId>
            <groupId>xerces</groupId>
          </exclusion>
        </exclusions>
      </dependency>
      <dependency>
        <groupId>xml-apis</groupId>
        <artifactId>xml-apis</artifactId>
        <version>1.0.b2</version>
      </dependency>
      <dependency>
        <groupId>xerces</groupId>
        <artifactId>xercesImpl</artifactId>
        <version>2.9.1</version>
      </dependency>
      <dependency>
        <groupId>xalan</groupId>
        <artifactId>xalan</artifactId>
        <version>2.7.1</version>
      </dependency>
      <dependency>
        <groupId>org.slf4j</groupId>
        <artifactId>jcl-over-slf4j</artifactId>
        <version>1.6.6</version>
      </dependency>
      <dependency>
        <groupId>org.slf4j</groupId>
        <artifactId>slf4j-api</artifactId>
        <version>1.6.6</version>
      </dependency>
      <dependency>
        <groupId>org.slf4j</groupId>
        <artifactId>slf4j-log4j12</artifactId>
        <version>1.6.6</version>
      </dependency>
      <dependency>
        <groupId>log4j</groupId>
        <artifactId>log4j</artifactId>
        <version>1.2.17</version>
      </dependency>
      <dependency>
        <groupId>org.springframework</groupId>
        <artifactId>spring-test</artifactId>
        <version>3.1.2.RELEASE</version>
        <scope>test</scope>
      </dependency>
      <dependency>
        <groupId>cglib</groupId>
        <artifactId>cglib</artifactId>
        <version>2.2.2</version>
        <scope>test</scope>
      </dependency>
      <dependency>
        <groupId>junit</groupId>
        <artifactId>junit</artifactId>
        <version>4.11</version>
        <scope>test</scope>
      </dependency>
    </dependencies>
  </dependencyManagement>
  <dependencies>
    <dependency>
      <groupId>org.apache.solr</groupId>
      <artifactId>solr</artifactId>
      <version>3.5.0</version>
      <type>war</type>
      <scope>provided</scope>
    </dependency>
    <dependency>
      <groupId>org.apache.solr</groupId>
      <artifactId>solr-core</artifactId>
      <version>3.5.0</version>
      <scope>provided</scope>
    </dependency>
    <dependency>
      <groupId>org.sindice.siren</groupId>
      <artifactId>siren-solr</artifactId>
      <version>0.2.3-RC2</version>
      <scope>provided</scope>
    </dependency>
    <dependency>
      <groupId>webofneeds</groupId>
      <artifactId>won-core</artifactId>
      <version>0.1-SNAPSHOT</version>
      <scope>provided</scope>
    </dependency>
    <dependency>
      <groupId>webofneeds</groupId>
      <artifactId>won-matcher</artifactId>
      <version>0.1-SNAPSHOT</version>
      <scope>provided</scope>
    </dependency>
    <dependency>
      <groupId>javax.servlet</groupId>
      <artifactId>servlet-api</artifactId>
      <version>2.5</version>
      <scope>provided</scope>
    </dependency>
  </dependencies>
  <repositories>
    <repository>
      <releases>
        <enabled>true</enabled>
        <updatePolicy>never</updatePolicy>
      </releases>
      <snapshots>
        <enabled>true</enabled>
        <updatePolicy>never</updatePolicy>
      </snapshots>
      <id>remote</id>
      <name>SAT Maven Repository</name>
      <url>http://satsrv03.researchstudio.at:8081/artifactory/repo/</url>
    </repository>
    <repository>
      <snapshots>
        <enabled>false</enabled>
      </snapshots>
      <id>central</id>
      <name>Central Repository</name>
      <url>http://repo.maven.apache.org/maven2</url>
    </repository>
  </repositories>
  <pluginRepositories>
    <pluginRepository>
      <releases>
        <enabled>true</enabled>
        <updatePolicy>never</updatePolicy>
      </releases>
      <snapshots>
        <enabled>true</enabled>
      </snapshots>
      <id>remote</id>
      <name>SAT Maven Plugin Repository</name>
      <url>http://satsrv03.researchstudio.at:8081/artifactory/repo/</url>
    </pluginRepository>
    <pluginRepository>
      <releases>
        <updatePolicy>never</updatePolicy>
      </releases>
      <snapshots>
        <enabled>false</enabled>
      </snapshots>
      <id>central</id>
      <name>Central Repository</name>
      <url>http://repo.maven.apache.org/maven2</url>
    </pluginRepository>
  </pluginRepositories>
  <build>
    <sourceDirectory>C:\DATA\fkleedorfer\workspace\webofneeds\webofneeds\won-matcher-solr\src\main\java</sourceDirectory>
    <scriptSourceDirectory>C:\DATA\fkleedorfer\workspace\webofneeds\webofneeds\won-matcher-solr\src\main\scripts</scriptSourceDirectory>
    <testSourceDirectory>C:\DATA\fkleedorfer\workspace\webofneeds\webofneeds\won-matcher-solr\src\test\java</testSourceDirectory>
    <outputDirectory>C:\DATA\fkleedorfer\workspace\webofneeds\webofneeds\won-matcher-solr\target\classes</outputDirectory>
    <testOutputDirectory>C:\DATA\fkleedorfer\workspace\webofneeds\webofneeds\won-matcher-solr\target\test-classes</testOutputDirectory>
    <resources>
      <resource>
        <filtering>true</filtering>
        <directory>C:\DATA\fkleedorfer\workspace\webofneeds\webofneeds\won-matcher-solr\src\main\resources</directory>
      </resource>
    </resources>
    <testResources>
      <testResource>
        <directory>C:\DATA\fkleedorfer\workspace\webofneeds\webofneeds\won-matcher-solr\src\test\resources</directory>
      </testResource>
    </testResources>
    <directory>C:\DATA\fkleedorfer\workspace\webofneeds\webofneeds\won-matcher-solr\target</directory>
    <finalName>won-matcher-solr-0.1-SNAPSHOT</finalName>
    <filters>
      <filter>C:\DATA\fkleedorfer\workspace\webofneeds\webofneeds\won-matcher-solr\src\main\profiles\config.properties</filter>
    </filters>
    <pluginManagement>
      <plugins>
        <plugin>
          <artifactId>maven-antrun-plugin</artifactId>
          <version>1.3</version>
        </plugin>
        <plugin>
          <artifactId>maven-compiler-plugin</artifactId>
          <version>2.3.2</version>
        </plugin>
        <plugin>
          <artifactId>maven-assembly-plugin</artifactId>
          <version>2.2</version>
        </plugin>
        <plugin>
          <artifactId>maven-clean-plugin</artifactId>
          <version>2.4.1</version>
        </plugin>
        <plugin>
          <artifactId>maven-dependency-plugin</artifactId>
          <version>2.8</version>
        </plugin>
        <plugin>
          <artifactId>maven-deploy-plugin</artifactId>
          <version>2.5</version>
        </plugin>
        <plugin>
          <artifactId>maven-eclipse-plugin</artifactId>
          <version>2.8</version>
        </plugin>
        <plugin>
          <artifactId>maven-help-plugin</artifactId>
          <version>2.1.1</version>
        </plugin>
        <plugin>
          <artifactId>maven-install-plugin</artifactId>
          <version>2.3.1</version>
        </plugin>
        <plugin>
          <artifactId>maven-jar-plugin</artifactId>
          <version>2.4</version>
        </plugin>
        <plugin>
          <artifactId>maven-release-plugin</artifactId>
          <version>2.0</version>
        </plugin>
        <plugin>
          <artifactId>maven-site-plugin</artifactId>
          <version>2.1.1</version>
        </plugin>
        <plugin>
          <artifactId>maven-source-plugin</artifactId>
          <version>2.1.2</version>
        </plugin>
        <plugin>
          <artifactId>maven-surefire-plugin</artifactId>
          <version>2.6</version>
        </plugin>
        <plugin>
          <artifactId>maven-javadoc-plugin</artifactId>
          <version>2.7</version>
        </plugin>
        <plugin>
          <groupId>org.codehaus.cargo</groupId>
          <artifactId>cargo-maven2-plugin</artifactId>
          <version>1.4.2</version>
        </plugin>
        <plugin>
          <groupId>org.codehaus.mojo</groupId>
          <artifactId>wagon-maven-plugin</artifactId>
          <version>1.0-beta-3</version>
        </plugin>
        <plugin>
          <groupId>org.codehaus.mojo</groupId>
          <artifactId>properties-maven-plugin</artifactId>
          <version>1.0-alpha-2</version>
        </plugin>
        <plugin>
          <groupId>com.github.goldin</groupId>
          <artifactId>copy-maven-plugin</artifactId>
          <version>0.2.5</version>
        </plugin>
      </plugins>
    </pluginManagement>
    <plugins>
      <plugin>
        <artifactId>maven-deploy-plugin</artifactId>
        <version>2.5</version>
        <executions>
          <execution>
            <id>default-deploy</id>
            <phase>deploy</phase>
            <goals>
              <goal>deploy</goal>
            </goals>
            <configuration>
              <skip>true</skip>
            </configuration>
          </execution>
        </executions>
        <configuration>
          <skip>true</skip>
        </configuration>
      </plugin>
      <plugin>
        <groupId>org.codehaus.mojo</groupId>
        <artifactId>properties-maven-plugin</artifactId>
        <version>1.0-alpha-2</version>
        <executions>
          <execution>
            <id>default-lifecycle-properties</id>
            <phase>initialize</phase>
            <goals>
              <goal>read-project-properties</goal>
            </goals>
            <configuration>
              <files>
                <file>src/main/profiles/config.properties</file>
              </files>
            </configuration>
          </execution>
          <execution>
            <id>clean-lifecycle-properties</id>
            <phase>pre-clean</phase>
            <goals>
              <goal>read-project-properties</goal>
            </goals>
            <configuration>
              <files>
                <file>src/main/profiles/config.properties</file>
              </files>
            </configuration>
          </execution>
        </executions>
        <configuration>
          <files>
            <file>src/main/profiles/config.properties</file>
          </files>
        </configuration>
      </plugin>
      <plugin>
        <groupId>com.github.goldin</groupId>
        <artifactId>copy-maven-plugin</artifactId>
        <version>0.2.5</version>
        <executions>
          <execution>
            <id>copy-solr-config</id>
            <phase>pre-integration-test</phase>
            <goals>
              <goal>copy</goal>
            </goals>
            <configuration>
              <resources>
                <resource>
                  <directory>C:\DATA\fkleedorfer\workspace\webofneeds\webofneeds\won-matcher-solr/siren</directory>
                  <filtering>true</filtering>
                  <preservePath>true</preservePath>
                  <targetPath>C:\DATA\fkleedorfer\workspace\webofneeds\webofneeds\won-matcher-solr\target/won-matcher-solr-0.1-SNAPSHOT/siren</targetPath>
                </resource>
                <resource>
                  <directory>C:\DATA\fkleedorfer\workspace\webofneeds\webofneeds\won-matcher-solr\target</directory>
                  <include>won-matcher-solr-0.1-SNAPSHOT.jar</include>
                  <targetPath>C:\DATA\fkleedorfer\workspace\webofneeds\webofneeds\won-matcher-solr\target/won-matcher-solr-0.1-SNAPSHOT/siren/won-matcher-solr/</targetPath>
                </resource>
              </resources>
            </configuration>
          </execution>
          <execution>
            <id>upload-to-server</id>
            <phase>deploy</phase>
            <goals>
              <goal>copy</goal>
            </goals>
            <configuration>
              <resources>
                <resource>
                  <targetPath>${solr.upload.dest}</targetPath>
                  <directory>C:\DATA\fkleedorfer\workspace\webofneeds\webofneeds\won-matcher-solr\target/won-matcher-solr-0.1-SNAPSHOT</directory>
                  <preservePath>true</preservePath>
                </resource>
              </resources>
            </configuration>
          </execution>
        </executions>
      </plugin>
      <plugin>
        <artifactId>maven-dependency-plugin</artifactId>
        <version>2.8</version>
        <executions>
          <execution>
            <id>copy-dependencies-to-solr-dir</id>
            <phase>pre-integration-test</phase>
            <goals>
              <goal>copy-dependencies</goal>
            </goals>
            <configuration>
              <outputDirectory>C:\DATA\fkleedorfer\workspace\webofneeds\webofneeds\won-matcher-solr\target/won-matcher-solr-0.1-SNAPSHOT/siren/won-matcher-solr/</outputDirectory>
              <overWriteReleases>false</overWriteReleases>
              <overWriteSnapshots>false</overWriteSnapshots>
              <overWriteIfNewer>true</overWriteIfNewer>
              <excludeGroupIds>webofneeds</excludeGroupIds>
            </configuration>
          </execution>
          <execution>
            <id>copy-won-dependencies-to-solr-dir</id>
            <phase>pre-integration-test</phase>
            <goals>
              <goal>copy-dependencies</goal>
            </goals>
            <configuration>
              <outputDirectory>C:\DATA\fkleedorfer\workspace\webofneeds\webofneeds\won-matcher-solr\target/won-matcher-solr-0.1-SNAPSHOT/siren/won-matcher-solr/</outputDirectory>
              <overWriteReleases>false</overWriteReleases>
              <overWriteSnapshots>false</overWriteSnapshots>
              <overWriteIfNewer>true</overWriteIfNewer>
              <includeGroupIds>webofneeds</includeGroupIds>
              <includeScope>test</includeScope>
            </configuration>
          </execution>
        </executions>
      </plugin>
      <plugin>
        <artifactId>maven-clean-plugin</artifactId>
        <version>2.4.1</version>
        <executions>
          <execution>
            <id>default-clean</id>
            <phase>clean</phase>
            <goals>
              <goal>clean</goal>
            </goals>
          </execution>
        </executions>
      </plugin>
      <plugin>
        <artifactId>maven-install-plugin</artifactId>
        <version>2.3.1</version>
        <executions>
          <execution>
            <id>default-install</id>
            <phase>install</phase>
            <goals>
              <goal>install</goal>
            </goals>
          </execution>
        </executions>
      </plugin>
      <plugin>
        <artifactId>maven-resources-plugin</artifactId>
        <version>2.5</version>
        <executions>
          <execution>
            <id>default-resources</id>
            <phase>process-resources</phase>
            <goals>
              <goal>resources</goal>
            </goals>
          </execution>
          <execution>
            <id>default-testResources</id>
            <phase>process-test-resources</phase>
            <goals>
              <goal>testResources</goal>
            </goals>
          </execution>
        </executions>
      </plugin>
      <plugin>
        <artifactId>maven-surefire-plugin</artifactId>
        <version>2.6</version>
        <executions>
          <execution>
            <id>default-test</id>
            <phase>test</phase>
            <goals>
              <goal>test</goal>
            </goals>
          </execution>
        </executions>
      </plugin>
      <plugin>
        <artifactId>maven-compiler-plugin</artifactId>
        <version>2.3.2</version>
        <executions>
          <execution>
            <id>default-testCompile</id>
            <phase>test-compile</phase>
            <goals>
              <goal>testCompile</goal>
            </goals>
          </execution>
          <execution>
            <id>default-compile</id>
            <phase>compile</phase>
            <goals>
              <goal>compile</goal>
            </goals>
          </execution>
        </executions>
      </plugin>
      <plugin>
        <artifactId>maven-jar-plugin</artifactId>
        <version>2.4</version>
        <executions>
          <execution>
            <id>default-jar</id>
            <phase>package</phase>
            <goals>
              <goal>jar</goal>
            </goals>
          </execution>
        </executions>
      </plugin>
      <plugin>
        <artifactId>maven-site-plugin</artifactId>
        <version>2.1.1</version>
        <executions>
          <execution>
            <id>default-site</id>
            <phase>site</phase>
            <goals>
              <goal>site</goal>
            </goals>
            <configuration>
              <outputDirectory>C:\DATA\fkleedorfer\workspace\webofneeds\webofneeds\won-matcher-solr\target\site</outputDirectory>
              <reportPlugins>
                <reportPlugin>
                  <groupId>org.apache.maven.plugins</groupId>
                  <artifactId>maven-project-info-reports-plugin</artifactId>
                </reportPlugin>
              </reportPlugins>
            </configuration>
          </execution>
          <execution>
            <id>default-deploy</id>
            <phase>site-deploy</phase>
            <goals>
              <goal>deploy</goal>
            </goals>
            <configuration>
              <outputDirectory>C:\DATA\fkleedorfer\workspace\webofneeds\webofneeds\won-matcher-solr\target\site</outputDirectory>
              <reportPlugins>
                <reportPlugin>
                  <groupId>org.apache.maven.plugins</groupId>
                  <artifactId>maven-project-info-reports-plugin</artifactId>
                </reportPlugin>
              </reportPlugins>
            </configuration>
          </execution>
        </executions>
        <configuration>
          <outputDirectory>C:\DATA\fkleedorfer\workspace\webofneeds\webofneeds\won-matcher-solr\target\site</outputDirectory>
          <reportPlugins>
            <reportPlugin>
              <groupId>org.apache.maven.plugins</groupId>
              <artifactId>maven-project-info-reports-plugin</artifactId>
            </reportPlugin>
          </reportPlugins>
        </configuration>
      </plugin>
    </plugins>
  </build>
  <reporting>
    <outputDirectory>C:\DATA\fkleedorfer\workspace\webofneeds\webofneeds\won-matcher-solr\target\site</outputDirectory>
  </reporting>
</project>

[INFO] ------------------------------------------------------------------------
[INFO] BUILD SUCCESS
[INFO] ------------------------------------------------------------------------
[INFO] Total time: 1.153s
[INFO] Finished at: Fri Aug 02 16:01:30 CEST 2013
[INFO] Final Memory: 8M/105M
[INFO] ------------------------------------------------------------------------
