----------------------------------------------------------------
2012-10-11 13:17:45.468 GMT:
 Booting Derby version The Apache Software Foundation - Apache Derby - 10.5.3.0 - (802917): instance a816c00e-013a-4ff9-3d78-000003bce438
on database directory C:\Users\ggrill\workspace\webofneeds\needserver\repository\version\db  

Database Class Loader started - derby.database.classpath=''
----------------------------------------------------------------
2012-10-11 13:17:48.013 GMT:
 Booting Derby version The Apache Software Foundation - Apache Derby - 10.5.3.0 - (802917): instance 9a4840c2-013a-4ff9-3d78-000003bce438
on database directory C:\Users\ggrill\workspace\webofneeds\needserver\repository\workspaces\default\db  

Database Class Loader started - derby.database.classpath=''
----------------------------------------------------------------
2012-10-11 13:17:52.895 GMT:
 Booting Derby version The Apache Software Foundation - Apache Derby - 10.5.3.0 - (802917): instance 247b4177-013a-4ff9-3d78-000003bce438
on database directory C:\Users\ggrill\workspace\webofneeds\needserver\repository\workspaces\security\db  

Database Class Loader started - derby.database.classpath=''

2012-10-11 13:17:54.274 GMT:
Shutting down instance 9a4840c2-013a-4ff9-3d78-000003bce438
----------------------------------------------------------------

2012-10-11 13:17:54.617 GMT:
Shutting down instance 247b4177-013a-4ff9-3d78-000003bce438
----------------------------------------------------------------

2012-10-11 13:17:54.950 GMT:
Shutting down instance a816c00e-013a-4ff9-3d78-000003bce438
----------------------------------------------------------------
----------------------------------------------------------------
2012-10-11 13:17:55.303 GMT:
 Booting Derby version The Apache Software Foundation - Apache Derby - 10.5.3.0 - (802917): instance 5737822d-013a-4ff9-3d78-000003bce438
on database directory C:\Users\ggrill\workspace\webofneeds\needserver\repository\version\db  

Database Class Loader started - derby.database.classpath=''
----------------------------------------------------------------
2012-10-11 13:17:55.415 GMT:
 Booting Derby version The Apache Software Foundation - Apache Derby - 10.5.3.0 - (802917): instance 22480241-013a-4ff9-3d78-000003bce438
on database directory C:\Users\ggrill\workspace\webofneeds\needserver\repository\workspaces\default\db  

Database Class Loader started - derby.database.classpath=''
----------------------------------------------------------------
2012-10-11 13:17:55.833 GMT:
 Booting Derby version The Apache Software Foundation - Apache Derby - 10.5.3.0 - (802917): instance edbc8255-013a-4ff9-3d78-000003bce438
on database directory C:\Users\ggrill\workspace\webofneeds\needserver\repository\workspaces\security\db  

Database Class Loader started - derby.database.classpath=''

2012-10-11 13:17:56.107 GMT:
Shutting down instance 22480241-013a-4ff9-3d78-000003bce438
----------------------------------------------------------------

2012-10-11 13:17:56.182 GMT:
Shutting down instance edbc8255-013a-4ff9-3d78-000003bce438
----------------------------------------------------------------

2012-10-11 13:17:56.202 GMT:
Shutting down instance 5737822d-013a-4ff9-3d78-000003bce438
----------------------------------------------------------------
